NOTE: Picked up JDK_JAVA_OPTIONS:  --add-opens=java.base/java.lang=ALL-UNNAMED --add-opens=java.base/java.lang.invoke=ALL-UNNAMED --add-opens=java.base/java.lang.reflect=ALL-UNNAMED --add-opens=java.base/java.io=ALL-UNNAMED --add-opens=java.base/java.util=ALL-UNNAMED --add-opens=java.base/java.util.concurrent=ALL-UNNAMED --add-opens=java.rmi/sun.rmi.transport=ALL-UNNAMED
09-Dec-2025 17:10:34.258 INFO [main] org.apache.catalina.startup.VersionLoggerListener.log Server version name:   Apache Tomcat/9.0.113
09-Dec-2025 17:10:34.262 INFO [main] org.apache.catalina.startup.VersionLoggerListener.log Server built:          Dec 2 2025 19:51:24 UTC
09-Dec-2025 17:10:34.262 INFO [main] org.apache.catalina.startup.VersionLoggerListener.log Server version number: 9.0.113.0
09-Dec-2025 17:10:34.263 INFO [main] org.apache.catalina.startup.VersionLoggerListener.log OS Name:               Mac OS X
09-Dec-2025 17:10:34.263 INFO [main] org.apache.catalina.startup.VersionLoggerListener.log OS Version:            26.1
09-Dec-2025 17:10:34.263 INFO [main] org.apache.catalina.startup.VersionLoggerListener.log Architecture:          aarch64
09-Dec-2025 17:10:34.263 INFO [main] org.apache.catalina.startup.VersionLoggerListener.log Java Home:             /Library/Java/JavaVirtualMachines/temurin-21.jdk/Contents/Home
09-Dec-2025 17:10:34.263 INFO [main] org.apache.catalina.startup.VersionLoggerListener.log JVM Version:           21.0.8+9-LTS
09-Dec-2025 17:10:34.263 INFO [main] org.apache.catalina.startup.VersionLoggerListener.log JVM Vendor:            Eclipse Adoptium
09-Dec-2025 17:10:34.263 INFO [main] org.apache.catalina.startup.VersionLoggerListener.log CATALINA_BASE:         /Users/saradbabushrestha/Downloads/apache-tomcat-9.0.113
09-Dec-2025 17:10:34.263 INFO [main] org.apache.catalina.startup.VersionLoggerListener.log CATALINA_HOME:         /Users/saradbabushrestha/Downloads/apache-tomcat-9.0.113
09-Dec-2025 17:10:34.289 INFO [main] org.apache.catalina.startup.VersionLoggerListener.log Command line argument: --add-opens=java.base/java.lang=ALL-UNNAMED
09-Dec-2025 17:10:34.289 INFO [main] org.apache.catalina.startup.VersionLoggerListener.log Command line argument: --add-opens=java.base/java.lang.invoke=ALL-UNNAMED
09-Dec-2025 17:10:34.289 INFO [main] org.apache.catalina.startup.VersionLoggerListener.log Command line argument: --add-opens=java.base/java.lang.reflect=ALL-UNNAMED
09-Dec-2025 17:10:34.289 INFO [main] org.apache.catalina.startup.VersionLoggerListener.log Command line argument: --add-opens=java.base/java.io=ALL-UNNAMED
09-Dec-2025 17:10:34.289 INFO [main] org.apache.catalina.startup.VersionLoggerListener.log Command line argument: --add-opens=java.base/java.util=ALL-UNNAMED
09-Dec-2025 17:10:34.289 INFO [main] org.apache.catalina.startup.VersionLoggerListener.log Command line argument: --add-opens=java.base/java.util.concurrent=ALL-UNNAMED
09-Dec-2025 17:10:34.289 INFO [main] org.apache.catalina.startup.VersionLoggerListener.log Command line argument: --add-opens=java.rmi/sun.rmi.transport=ALL-UNNAMED
09-Dec-2025 17:10:34.290 INFO [main] org.apache.catalina.startup.VersionLoggerListener.log Command line argument: -Djava.util.logging.config.file=/Users/saradbabushrestha/Downloads/apache-tomcat-9.0.113/conf/logging.properties
09-Dec-2025 17:10:34.290 INFO [main] org.apache.catalina.startup.VersionLoggerListener.log Command line argument: -Djava.util.logging.manager=org.apache.juli.ClassLoaderLogManager
09-Dec-2025 17:10:34.290 INFO [main] org.apache.catalina.startup.VersionLoggerListener.log Command line argument: -Djdk.tls.ephemeralDHKeySize=2048
09-Dec-2025 17:10:34.290 INFO [main] org.apache.catalina.startup.VersionLoggerListener.log Command line argument: -Djava.protocol.handler.pkgs=org.apache.catalina.webresources
09-Dec-2025 17:10:34.290 INFO [main] org.apache.catalina.startup.VersionLoggerListener.log Command line argument: -Dsun.io.useCanonCaches=false
09-Dec-2025 17:10:34.290 INFO [main] org.apache.catalina.startup.VersionLoggerListener.log Command line argument: -Dorg.apache.catalina.security.SecurityListener.UMASK=0027
09-Dec-2025 17:10:34.290 INFO [main] org.apache.catalina.startup.VersionLoggerListener.log Command line argument: -Dignore.endorsed.dirs=
09-Dec-2025 17:10:34.290 INFO [main] org.apache.catalina.startup.VersionLoggerListener.log Command line argument: -Dcatalina.base=/Users/saradbabushrestha/Downloads/apache-tomcat-9.0.113
09-Dec-2025 17:10:34.290 INFO [main] org.apache.catalina.startup.VersionLoggerListener.log Command line argument: -Dcatalina.home=/Users/saradbabushrestha/Downloads/apache-tomcat-9.0.113
09-Dec-2025 17:10:34.290 INFO [main] org.apache.catalina.startup.VersionLoggerListener.log Command line argument: -Djava.io.tmpdir=/Users/saradbabushrestha/Downloads/apache-tomcat-9.0.113/temp
09-Dec-2025 17:10:34.297 INFO [main] org.apache.catalina.core.AprLifecycleListener.lifecycleEvent The Apache Tomcat Native library which allows using OpenSSL was not found on the java.library.path: [/Users/saradbabushrestha/Library/Java/Extensions:/Library/Java/Extensions:/Network/Library/Java/Extensions:/System/Library/Java/Extensions:/usr/lib/java:.]
09-Dec-2025 17:10:34.538 INFO [main] org.apache.coyote.AbstractProtocol.init Initializing ProtocolHandler ["http-nio-8080"]
09-Dec-2025 17:10:34.566 INFO [main] org.apache.catalina.startup.Catalina.load Server initialization in [506] milliseconds
09-Dec-2025 17:10:34.590 INFO [main] org.apache.catalina.core.StandardService.startInternal Starting service [Catalina]
09-Dec-2025 17:10:34.590 INFO [main] org.apache.catalina.core.StandardEngine.startInternal Starting Servlet engine: [Apache Tomcat/9.0.113]
09-Dec-2025 17:10:34.597 INFO [main] org.apache.catalina.startup.HostConfig.deployDirectory Deploying web application directory [/Users/saradbabushrestha/Downloads/apache-tomcat-9.0.113/webapps/docs]
09-Dec-2025 17:10:34.775 INFO [main] org.apache.catalina.startup.HostConfig.deployDirectory Deployment of web application directory [/Users/saradbabushrestha/Downloads/apache-tomcat-9.0.113/webapps/docs] has finished in [177] ms
09-Dec-2025 17:10:34.775 INFO [main] org.apache.catalina.startup.HostConfig.deployDirectory Deploying web application directory [/Users/saradbabushrestha/Downloads/apache-tomcat-9.0.113/webapps/manager]
09-Dec-2025 17:10:34.809 INFO [main] org.apache.catalina.startup.HostConfig.deployDirectory Deployment of web application directory [/Users/saradbabushrestha/Downloads/apache-tomcat-9.0.113/webapps/manager] has finished in [33] ms
09-Dec-2025 17:10:34.809 INFO [main] org.apache.catalina.startup.HostConfig.deployDirectory Deploying web application directory [/Users/saradbabushrestha/Downloads/apache-tomcat-9.0.113/webapps/examples]
09-Dec-2025 17:10:35.647 INFO [main] org.apache.catalina.startup.HostConfig.deployDirectory Deployment of web application directory [/Users/saradbabushrestha/Downloads/apache-tomcat-9.0.113/webapps/examples] has finished in [836] ms
09-Dec-2025 17:10:35.648 INFO [main] org.apache.catalina.startup.HostConfig.deployDirectory Deploying web application directory [/Users/saradbabushrestha/Downloads/apache-tomcat-9.0.113/webapps/ROOT]
09-Dec-2025 17:10:35.682 INFO [main] org.apache.catalina.startup.HostConfig.deployDirectory Deployment of web application directory [/Users/saradbabushrestha/Downloads/apache-tomcat-9.0.113/webapps/ROOT] has finished in [34] ms
09-Dec-2025 17:10:35.684 INFO [main] org.apache.catalina.startup.HostConfig.deployDirectory Deploying web application directory [/Users/saradbabushrestha/Downloads/apache-tomcat-9.0.113/webapps/host-manager]
09-Dec-2025 17:10:35.754 INFO [main] org.apache.catalina.startup.HostConfig.deployDirectory Deployment of web application directory [/Users/saradbabushrestha/Downloads/apache-tomcat-9.0.113/webapps/host-manager] has finished in [70] ms
09-Dec-2025 17:10:35.767 INFO [main] org.apache.coyote.AbstractProtocol.start Starting ProtocolHandler ["http-nio-8080"]
09-Dec-2025 17:10:35.800 INFO [main] org.apache.catalina.startup.Catalina.start Server startup in [1233] milliseconds
NOTE: Picked up JDK_JAVA_OPTIONS:  --add-opens=java.base/java.lang=ALL-UNNAMED --add-opens=java.base/java.lang.invoke=ALL-UNNAMED --add-opens=java.base/java.lang.reflect=ALL-UNNAMED --add-opens=java.base/java.io=ALL-UNNAMED --add-opens=java.base/java.util=ALL-UNNAMED --add-opens=java.base/java.util.concurrent=ALL-UNNAMED --add-opens=java.rmi/sun.rmi.transport=ALL-UNNAMED
09-Dec-2025 17:20:50.751 INFO [main] org.apache.catalina.startup.VersionLoggerListener.log Server version name:   Apache Tomcat/9.0.113
09-Dec-2025 17:20:50.755 INFO [main] org.apache.catalina.startup.VersionLoggerListener.log Server built:          Dec 2 2025 19:51:24 UTC
09-Dec-2025 17:20:50.755 INFO [main] org.apache.catalina.startup.VersionLoggerListener.log Server version number: 9.0.113.0
09-Dec-2025 17:20:50.755 INFO [main] org.apache.catalina.startup.VersionLoggerListener.log OS Name:               Mac OS X
09-Dec-2025 17:20:50.755 INFO [main] org.apache.catalina.startup.VersionLoggerListener.log OS Version:            26.1
09-Dec-2025 17:20:50.756 INFO [main] org.apache.catalina.startup.VersionLoggerListener.log Architecture:          aarch64
09-Dec-2025 17:20:50.756 INFO [main] org.apache.catalina.startup.VersionLoggerListener.log Java Home:             /Library/Java/JavaVirtualMachines/temurin-21.jdk/Contents/Home
09-Dec-2025 17:20:50.756 INFO [main] org.apache.catalina.startup.VersionLoggerListener.log JVM Version:           21.0.8+9-LTS
09-Dec-2025 17:20:50.756 INFO [main] org.apache.catalina.startup.VersionLoggerListener.log JVM Vendor:            Eclipse Adoptium
09-Dec-2025 17:20:50.757 INFO [main] org.apache.catalina.startup.VersionLoggerListener.log CATALINA_BASE:         /Users/saradbabushrestha/Downloads/apache-tomcat-9.0.113
09-Dec-2025 17:20:50.757 INFO [main] org.apache.catalina.startup.VersionLoggerListener.log CATALINA_HOME:         /Users/saradbabushrestha/Downloads/apache-tomcat-9.0.113
09-Dec-2025 17:20:50.772 INFO [main] org.apache.catalina.startup.VersionLoggerListener.log Command line argument: --add-opens=java.base/java.lang=ALL-UNNAMED
09-Dec-2025 17:20:50.772 INFO [main] org.apache.catalina.startup.VersionLoggerListener.log Command line argument: --add-opens=java.base/java.lang.invoke=ALL-UNNAMED
09-Dec-2025 17:20:50.772 INFO [main] org.apache.catalina.startup.VersionLoggerListener.log Command line argument: --add-opens=java.base/java.lang.reflect=ALL-UNNAMED
09-Dec-2025 17:20:50.772 INFO [main] org.apache.catalina.startup.VersionLoggerListener.log Command line argument: --add-opens=java.base/java.io=ALL-UNNAMED
09-Dec-2025 17:20:50.772 INFO [main] org.apache.catalina.startup.VersionLoggerListener.log Command line argument: --add-opens=java.base/java.util=ALL-UNNAMED
09-Dec-2025 17:20:50.772 INFO [main] org.apache.catalina.startup.VersionLoggerListener.log Command line argument: --add-opens=java.base/java.util.concurrent=ALL-UNNAMED
09-Dec-2025 17:20:50.772 INFO [main] org.apache.catalina.startup.VersionLoggerListener.log Command line argument: --add-opens=java.rmi/sun.rmi.transport=ALL-UNNAMED
09-Dec-2025 17:20:50.772 INFO [main] org.apache.catalina.startup.VersionLoggerListener.log Command line argument: -Djava.util.logging.config.file=/Users/saradbabushrestha/Downloads/apache-tomcat-9.0.113/conf/logging.properties
09-Dec-2025 17:20:50.773 INFO [main] org.apache.catalina.startup.VersionLoggerListener.log Command line argument: -Djava.util.logging.manager=org.apache.juli.ClassLoaderLogManager
09-Dec-2025 17:20:50.773 INFO [main] org.apache.catalina.startup.VersionLoggerListener.log Command line argument: -Djdk.tls.ephemeralDHKeySize=2048
09-Dec-2025 17:20:50.773 INFO [main] org.apache.catalina.startup.VersionLoggerListener.log Command line argument: -Djava.protocol.handler.pkgs=org.apache.catalina.webresources
09-Dec-2025 17:20:50.773 INFO [main] org.apache.catalina.startup.VersionLoggerListener.log Command line argument: -Dsun.io.useCanonCaches=false
09-Dec-2025 17:20:50.773 INFO [main] org.apache.catalina.startup.VersionLoggerListener.log Command line argument: -Dorg.apache.catalina.security.SecurityListener.UMASK=0027
09-Dec-2025 17:20:50.774 INFO [main] org.apache.catalina.startup.VersionLoggerListener.log Command line argument: -Dignore.endorsed.dirs=
09-Dec-2025 17:20:50.774 INFO [main] org.apache.catalina.startup.VersionLoggerListener.log Command line argument: -Dcatalina.base=/Users/saradbabushrestha/Downloads/apache-tomcat-9.0.113
09-Dec-2025 17:20:50.774 INFO [main] org.apache.catalina.startup.VersionLoggerListener.log Command line argument: -Dcatalina.home=/Users/saradbabushrestha/Downloads/apache-tomcat-9.0.113
09-Dec-2025 17:20:50.774 INFO [main] org.apache.catalina.startup.VersionLoggerListener.log Command line argument: -Djava.io.tmpdir=/Users/saradbabushrestha/Downloads/apache-tomcat-9.0.113/temp
09-Dec-2025 17:20:50.787 INFO [main] org.apache.catalina.core.AprLifecycleListener.lifecycleEvent The Apache Tomcat Native library which allows using OpenSSL was not found on the java.library.path: [/Users/saradbabushrestha/Library/Java/Extensions:/Library/Java/Extensions:/Network/Library/Java/Extensions:/System/Library/Java/Extensions:/usr/lib/java:.]
09-Dec-2025 17:20:51.019 INFO [main] org.apache.coyote.AbstractProtocol.init Initializing ProtocolHandler ["http-nio-8080"]
09-Dec-2025 17:20:51.038 SEVERE [main] org.apache.catalina.util.LifecycleBase.handleSubClassException Failed to initialize component [Connector["http-nio-8080"]]
	org.apache.catalina.LifecycleException: Protocol handler initialization failed
		at org.apache.catalina.connector.Connector.initInternal(Connector.java:1084)
		at org.apache.catalina.util.LifecycleBase.init(LifecycleBase.java:122)
		at org.apache.catalina.core.StandardService.initInternal(StandardService.java:520)
		at org.apache.catalina.util.LifecycleBase.init(LifecycleBase.java:122)
		at org.apache.catalina.core.StandardServer.initInternal(StandardServer.java:984)
		at org.apache.catalina.util.LifecycleBase.init(LifecycleBase.java:122)
		at org.apache.catalina.startup.Catalina.load(Catalina.java:687)
		at org.apache.catalina.startup.Catalina.load(Catalina.java:710)
		at java.base/jdk.internal.reflect.DirectMethodHandleAccessor.invoke(DirectMethodHandleAccessor.java:103)
		at java.base/java.lang.reflect.Method.invoke(Method.java:580)
		at org.apache.catalina.startup.Bootstrap.load(Bootstrap.java:299)
		at org.apache.catalina.startup.Bootstrap.main(Bootstrap.java:472)
	Caused by: java.net.BindException: Address already in use
		at java.base/sun.nio.ch.Net.bind0(Native Method)
		at java.base/sun.nio.ch.Net.bind(Net.java:565)
		at java.base/sun.nio.ch.ServerSocketChannelImpl.netBind(ServerSocketChannelImpl.java:344)
		at java.base/sun.nio.ch.ServerSocketChannelImpl.bind(ServerSocketChannelImpl.java:301)
		at org.apache.tomcat.util.net.NioEndpoint.initServerSocket(NioEndpoint.java:296)
		at org.apache.tomcat.util.net.NioEndpoint.bind(NioEndpoint.java:251)
		at org.apache.tomcat.util.net.AbstractEndpoint.bindWithCleanup(AbstractEndpoint.java:1497)
		at org.apache.tomcat.util.net.AbstractEndpoint.init(AbstractEndpoint.java:1510)
		at org.apache.coyote.AbstractProtocol.init(AbstractProtocol.java:667)
		at org.apache.coyote.http11.AbstractHttp11Protocol.init(AbstractHttp11Protocol.java:80)
		at org.apache.catalina.connector.Connector.initInternal(Connector.java:1082)
		... 11 more
09-Dec-2025 17:20:51.038 INFO [main] org.apache.catalina.startup.Catalina.load Server initialization in [399] milliseconds
09-Dec-2025 17:20:51.061 INFO [main] org.apache.catalina.core.StandardService.startInternal Starting service [Catalina]
09-Dec-2025 17:20:51.061 INFO [main] org.apache.catalina.core.StandardEngine.startInternal Starting Servlet engine: [Apache Tomcat/9.0.113]
09-Dec-2025 17:20:51.066 INFO [main] org.apache.catalina.startup.HostConfig.deployDirectory Deploying web application directory [/Users/saradbabushrestha/Downloads/apache-tomcat-9.0.113/webapps/docs]
09-Dec-2025 17:20:51.317 INFO [main] org.apache.catalina.startup.HostConfig.deployDirectory Deployment of web application directory [/Users/saradbabushrestha/Downloads/apache-tomcat-9.0.113/webapps/docs] has finished in [251] ms
09-Dec-2025 17:20:51.317 INFO [main] org.apache.catalina.startup.HostConfig.deployDirectory Deploying web application directory [/Users/saradbabushrestha/Downloads/apache-tomcat-9.0.113/webapps/manager]
09-Dec-2025 17:20:51.374 INFO [main] org.apache.catalina.startup.HostConfig.deployDirectory Deployment of web application directory [/Users/saradbabushrestha/Downloads/apache-tomcat-9.0.113/webapps/manager] has finished in [57] ms
09-Dec-2025 17:20:51.374 INFO [main] org.apache.catalina.startup.HostConfig.deployDirectory Deploying web application directory [/Users/saradbabushrestha/Downloads/apache-tomcat-9.0.113/webapps/examples]
09-Dec-2025 17:20:51.584 INFO [main] org.apache.catalina.startup.HostConfig.deployDirectory Deployment of web application directory [/Users/saradbabushrestha/Downloads/apache-tomcat-9.0.113/webapps/examples] has finished in [209] ms
09-Dec-2025 17:20:51.584 INFO [main] org.apache.catalina.startup.HostConfig.deployDirectory Deploying web application directory [/Users/saradbabushrestha/Downloads/apache-tomcat-9.0.113/webapps/ROOT]
09-Dec-2025 17:20:51.597 INFO [main] org.apache.catalina.startup.HostConfig.deployDirectory Deployment of web application directory [/Users/saradbabushrestha/Downloads/apache-tomcat-9.0.113/webapps/ROOT] has finished in [13] ms
09-Dec-2025 17:20:51.597 INFO [main] org.apache.catalina.startup.HostConfig.deployDirectory Deploying web application directory [/Users/saradbabushrestha/Downloads/apache-tomcat-9.0.113/webapps/host-manager]
09-Dec-2025 17:20:51.609 INFO [main] org.apache.catalina.startup.HostConfig.deployDirectory Deployment of web application directory [/Users/saradbabushrestha/Downloads/apache-tomcat-9.0.113/webapps/host-manager] has finished in [12] ms
09-Dec-2025 17:20:51.611 INFO [main] org.apache.catalina.startup.Catalina.start Server startup in [572] milliseconds
09-Dec-2025 17:20:51.616 SEVERE [main] org.apache.catalina.core.StandardServer.await Failed to create server shutdown socket on address [localhost] and port [8005] (base port [8005] and offset [0])
	java.net.BindException: Address already in use
		at java.base/sun.nio.ch.Net.bind0(Native Method)
		at java.base/sun.nio.ch.Net.bind(Net.java:565)
		at java.base/sun.nio.ch.Net.bind(Net.java:554)
		at java.base/sun.nio.ch.NioSocketImpl.bind(NioSocketImpl.java:636)
		at java.base/java.net.ServerSocket.bind(ServerSocket.java:391)
		at java.base/java.net.ServerSocket.<init>(ServerSocket.java:278)
		at org.apache.catalina.core.StandardServer.await(StandardServer.java:535)
		at org.apache.catalina.startup.Catalina.await(Catalina.java:826)
		at org.apache.catalina.startup.Catalina.start(Catalina.java:774)
		at java.base/jdk.internal.reflect.DirectMethodHandleAccessor.invoke(DirectMethodHandleAccessor.java:103)
		at java.base/java.lang.reflect.Method.invoke(Method.java:580)
		at org.apache.catalina.startup.Bootstrap.start(Bootstrap.java:342)
		at org.apache.catalina.startup.Bootstrap.main(Bootstrap.java:473)
09-Dec-2025 17:20:51.616 INFO [main] org.apache.coyote.AbstractProtocol.pause Pausing ProtocolHandler ["http-nio-8080"]
09-Dec-2025 17:20:51.616 INFO [main] org.apache.catalina.core.StandardService.stopInternal Stopping service [Catalina]
09-Dec-2025 17:20:51.634 INFO [main] org.apache.coyote.AbstractProtocol.stop Stopping ProtocolHandler ["http-nio-8080"]
09-Dec-2025 17:20:51.635 INFO [main] org.apache.coyote.AbstractProtocol.destroy Destroying ProtocolHandler ["http-nio-8080"]
09-Dec-2025 17:23:17.916 INFO [Catalina-utility-2] org.apache.catalina.startup.HostConfig.deployDirectory Deploying web application directory [/Users/saradbabushrestha/Downloads/apache-tomcat-9.0.113/webapps/MyApp]
09-Dec-2025 17:23:18.127 INFO [Catalina-utility-2] org.apache.catalina.startup.HostConfig.deployDirectory Deployment of web application directory [/Users/saradbabushrestha/Downloads/apache-tomcat-9.0.113/webapps/MyApp] has finished in [205] ms
NOTE: Picked up JDK_JAVA_OPTIONS:  --add-opens=java.base/java.lang=ALL-UNNAMED --add-opens=java.base/java.lang.invoke=ALL-UNNAMED --add-opens=java.base/java.lang.reflect=ALL-UNNAMED --add-opens=java.base/java.io=ALL-UNNAMED --add-opens=java.base/java.util=ALL-UNNAMED --add-opens=java.base/java.util.concurrent=ALL-UNNAMED --add-opens=java.rmi/sun.rmi.transport=ALL-UNNAMED
09-Dec-2025 17:23:28.238 INFO [main] org.apache.catalina.startup.VersionLoggerListener.log Server version name:   Apache Tomcat/9.0.113
09-Dec-2025 17:23:28.241 INFO [main] org.apache.catalina.startup.VersionLoggerListener.log Server built:          Dec 2 2025 19:51:24 UTC
09-Dec-2025 17:23:28.241 INFO [main] org.apache.catalina.startup.VersionLoggerListener.log Server version number: 9.0.113.0
09-Dec-2025 17:23:28.241 INFO [main] org.apache.catalina.startup.VersionLoggerListener.log OS Name:               Mac OS X
09-Dec-2025 17:23:28.241 INFO [main] org.apache.catalina.startup.VersionLoggerListener.log OS Version:            26.1
09-Dec-2025 17:23:28.241 INFO [main] org.apache.catalina.startup.VersionLoggerListener.log Architecture:          aarch64
09-Dec-2025 17:23:28.241 INFO [main] org.apache.catalina.startup.VersionLoggerListener.log Java Home:             /Library/Java/JavaVirtualMachines/temurin-21.jdk/Contents/Home
09-Dec-2025 17:23:28.241 INFO [main] org.apache.catalina.startup.VersionLoggerListener.log JVM Version:           21.0.8+9-LTS
09-Dec-2025 17:23:28.241 INFO [main] org.apache.catalina.startup.VersionLoggerListener.log JVM Vendor:            Eclipse Adoptium
09-Dec-2025 17:23:28.241 INFO [main] org.apache.catalina.startup.VersionLoggerListener.log CATALINA_BASE:         /Users/saradbabushrestha/Downloads/apache-tomcat-9.0.113
09-Dec-2025 17:23:28.241 INFO [main] org.apache.catalina.startup.VersionLoggerListener.log CATALINA_HOME:         /Users/saradbabushrestha/Downloads/apache-tomcat-9.0.113
09-Dec-2025 17:23:28.250 INFO [main] org.apache.catalina.startup.VersionLoggerListener.log Command line argument: --add-opens=java.base/java.lang=ALL-UNNAMED
09-Dec-2025 17:23:28.250 INFO [main] org.apache.catalina.startup.VersionLoggerListener.log Command line argument: --add-opens=java.base/java.lang.invoke=ALL-UNNAMED
09-Dec-2025 17:23:28.250 INFO [main] org.apache.catalina.startup.VersionLoggerListener.log Command line argument: --add-opens=java.base/java.lang.reflect=ALL-UNNAMED
09-Dec-2025 17:23:28.250 INFO [main] org.apache.catalina.startup.VersionLoggerListener.log Command line argument: --add-opens=java.base/java.io=ALL-UNNAMED
09-Dec-2025 17:23:28.250 INFO [main] org.apache.catalina.startup.VersionLoggerListener.log Command line argument: --add-opens=java.base/java.util=ALL-UNNAMED
09-Dec-2025 17:23:28.250 INFO [main] org.apache.catalina.startup.VersionLoggerListener.log Command line argument: --add-opens=java.base/java.util.concurrent=ALL-UNNAMED
09-Dec-2025 17:23:28.251 INFO [main] org.apache.catalina.startup.VersionLoggerListener.log Command line argument: --add-opens=java.rmi/sun.rmi.transport=ALL-UNNAMED
09-Dec-2025 17:23:28.251 INFO [main] org.apache.catalina.startup.VersionLoggerListener.log Command line argument: -Djava.util.logging.config.file=/Users/saradbabushrestha/Downloads/apache-tomcat-9.0.113/conf/logging.properties
09-Dec-2025 17:23:28.251 INFO [main] org.apache.catalina.startup.VersionLoggerListener.log Command line argument: -Djava.util.logging.manager=org.apache.juli.ClassLoaderLogManager
09-Dec-2025 17:23:28.251 INFO [main] org.apache.catalina.startup.VersionLoggerListener.log Command line argument: -Djdk.tls.ephemeralDHKeySize=2048
09-Dec-2025 17:23:28.251 INFO [main] org.apache.catalina.startup.VersionLoggerListener.log Command line argument: -Djava.protocol.handler.pkgs=org.apache.catalina.webresources
09-Dec-2025 17:23:28.252 INFO [main] org.apache.catalina.startup.VersionLoggerListener.log Command line argument: -Dsun.io.useCanonCaches=false
09-Dec-2025 17:23:28.252 INFO [main] org.apache.catalina.startup.VersionLoggerListener.log Command line argument: -Dorg.apache.catalina.security.SecurityListener.UMASK=0027
09-Dec-2025 17:23:28.252 INFO [main] org.apache.catalina.startup.VersionLoggerListener.log Command line argument: -Dignore.endorsed.dirs=
09-Dec-2025 17:23:28.252 INFO [main] org.apache.catalina.startup.VersionLoggerListener.log Command line argument: -Dcatalina.base=/Users/saradbabushrestha/Downloads/apache-tomcat-9.0.113
09-Dec-2025 17:23:28.252 INFO [main] org.apache.catalina.startup.VersionLoggerListener.log Command line argument: -Dcatalina.home=/Users/saradbabushrestha/Downloads/apache-tomcat-9.0.113
09-Dec-2025 17:23:28.252 INFO [main] org.apache.catalina.startup.VersionLoggerListener.log Command line argument: -Djava.io.tmpdir=/Users/saradbabushrestha/Downloads/apache-tomcat-9.0.113/temp
09-Dec-2025 17:23:28.263 INFO [main] org.apache.catalina.core.AprLifecycleListener.lifecycleEvent The Apache Tomcat Native library which allows using OpenSSL was not found on the java.library.path: [/Users/saradbabushrestha/Library/Java/Extensions:/Library/Java/Extensions:/Network/Library/Java/Extensions:/System/Library/Java/Extensions:/usr/lib/java:.]
09-Dec-2025 17:23:28.618 INFO [main] org.apache.coyote.AbstractProtocol.init Initializing ProtocolHandler ["http-nio-8080"]
09-Dec-2025 17:23:28.636 SEVERE [main] org.apache.catalina.util.LifecycleBase.handleSubClassException Failed to initialize component [Connector["http-nio-8080"]]
	org.apache.catalina.LifecycleException: Protocol handler initialization failed
		at org.apache.catalina.connector.Connector.initInternal(Connector.java:1084)
		at org.apache.catalina.util.LifecycleBase.init(LifecycleBase.java:122)
		at org.apache.catalina.core.StandardService.initInternal(StandardService.java:520)
		at org.apache.catalina.util.LifecycleBase.init(LifecycleBase.java:122)
		at org.apache.catalina.core.StandardServer.initInternal(StandardServer.java:984)
		at org.apache.catalina.util.LifecycleBase.init(LifecycleBase.java:122)
		at org.apache.catalina.startup.Catalina.load(Catalina.java:687)
		at org.apache.catalina.startup.Catalina.load(Catalina.java:710)
		at java.base/jdk.internal.reflect.DirectMethodHandleAccessor.invoke(DirectMethodHandleAccessor.java:103)
		at java.base/java.lang.reflect.Method.invoke(Method.java:580)
		at org.apache.catalina.startup.Bootstrap.load(Bootstrap.java:299)
		at org.apache.catalina.startup.Bootstrap.main(Bootstrap.java:472)
	Caused by: java.net.BindException: Address already in use
		at java.base/sun.nio.ch.Net.bind0(Native Method)
		at java.base/sun.nio.ch.Net.bind(Net.java:565)
		at java.base/sun.nio.ch.ServerSocketChannelImpl.netBind(ServerSocketChannelImpl.java:344)
		at java.base/sun.nio.ch.ServerSocketChannelImpl.bind(ServerSocketChannelImpl.java:301)
		at org.apache.tomcat.util.net.NioEndpoint.initServerSocket(NioEndpoint.java:296)
		at org.apache.tomcat.util.net.NioEndpoint.bind(NioEndpoint.java:251)
		at org.apache.tomcat.util.net.AbstractEndpoint.bindWithCleanup(AbstractEndpoint.java:1497)
		at org.apache.tomcat.util.net.AbstractEndpoint.init(AbstractEndpoint.java:1510)
		at org.apache.coyote.AbstractProtocol.init(AbstractProtocol.java:667)
		at org.apache.coyote.http11.AbstractHttp11Protocol.init(AbstractHttp11Protocol.java:80)
		at org.apache.catalina.connector.Connector.initInternal(Connector.java:1082)
		... 11 more
09-Dec-2025 17:23:28.636 INFO [main] org.apache.catalina.startup.Catalina.load Server initialization in [562] milliseconds
09-Dec-2025 17:23:28.668 INFO [main] org.apache.catalina.core.StandardService.startInternal Starting service [Catalina]
09-Dec-2025 17:23:28.668 INFO [main] org.apache.catalina.core.StandardEngine.startInternal Starting Servlet engine: [Apache Tomcat/9.0.113]
09-Dec-2025 17:23:28.672 INFO [main] org.apache.catalina.startup.HostConfig.deployDirectory Deploying web application directory [/Users/saradbabushrestha/Downloads/apache-tomcat-9.0.113/webapps/docs]
09-Dec-2025 17:23:28.920 INFO [main] org.apache.catalina.startup.HostConfig.deployDirectory Deployment of web application directory [/Users/saradbabushrestha/Downloads/apache-tomcat-9.0.113/webapps/docs] has finished in [248] ms
09-Dec-2025 17:23:28.920 INFO [main] org.apache.catalina.startup.HostConfig.deployDirectory Deploying web application directory [/Users/saradbabushrestha/Downloads/apache-tomcat-9.0.113/webapps/MyApp]
09-Dec-2025 17:23:28.945 INFO [main] org.apache.catalina.startup.HostConfig.deployDirectory Deployment of web application directory [/Users/saradbabushrestha/Downloads/apache-tomcat-9.0.113/webapps/MyApp] has finished in [25] ms
09-Dec-2025 17:23:28.945 INFO [main] org.apache.catalina.startup.HostConfig.deployDirectory Deploying web application directory [/Users/saradbabushrestha/Downloads/apache-tomcat-9.0.113/webapps/manager]
09-Dec-2025 17:23:28.969 INFO [main] org.apache.catalina.startup.HostConfig.deployDirectory Deployment of web application directory [/Users/saradbabushrestha/Downloads/apache-tomcat-9.0.113/webapps/manager] has finished in [24] ms
09-Dec-2025 17:23:28.970 INFO [main] org.apache.catalina.startup.HostConfig.deployDirectory Deploying web application directory [/Users/saradbabushrestha/Downloads/apache-tomcat-9.0.113/webapps/examples]
09-Dec-2025 17:23:29.174 INFO [main] org.apache.catalina.startup.HostConfig.deployDirectory Deployment of web application directory [/Users/saradbabushrestha/Downloads/apache-tomcat-9.0.113/webapps/examples] has finished in [204] ms
09-Dec-2025 17:23:29.174 INFO [main] org.apache.catalina.startup.HostConfig.deployDirectory Deploying web application directory [/Users/saradbabushrestha/Downloads/apache-tomcat-9.0.113/webapps/ROOT]
09-Dec-2025 17:23:29.186 INFO [main] org.apache.catalina.startup.HostConfig.deployDirectory Deployment of web application directory [/Users/saradbabushrestha/Downloads/apache-tomcat-9.0.113/webapps/ROOT] has finished in [12] ms
09-Dec-2025 17:23:29.186 INFO [main] org.apache.catalina.startup.HostConfig.deployDirectory Deploying web application directory [/Users/saradbabushrestha/Downloads/apache-tomcat-9.0.113/webapps/host-manager]
09-Dec-2025 17:23:29.211 INFO [main] org.apache.catalina.startup.HostConfig.deployDirectory Deployment of web application directory [/Users/saradbabushrestha/Downloads/apache-tomcat-9.0.113/webapps/host-manager] has finished in [25] ms
09-Dec-2025 17:23:29.249 INFO [main] org.apache.catalina.startup.Catalina.start Server startup in [611] milliseconds
09-Dec-2025 17:23:29.317 SEVERE [main] org.apache.catalina.core.StandardServer.await Failed to create server shutdown socket on address [localhost] and port [8005] (base port [8005] and offset [0])
	java.net.BindException: Address already in use
		at java.base/sun.nio.ch.Net.bind0(Native Method)
		at java.base/sun.nio.ch.Net.bind(Net.java:565)
		at java.base/sun.nio.ch.Net.bind(Net.java:554)
		at java.base/sun.nio.ch.NioSocketImpl.bind(NioSocketImpl.java:636)
		at java.base/java.net.ServerSocket.bind(ServerSocket.java:391)
		at java.base/java.net.ServerSocket.<init>(ServerSocket.java:278)
		at org.apache.catalina.core.StandardServer.await(StandardServer.java:535)
		at org.apache.catalina.startup.Catalina.await(Catalina.java:826)
		at org.apache.catalina.startup.Catalina.start(Catalina.java:774)
		at java.base/jdk.internal.reflect.DirectMethodHandleAccessor.invoke(DirectMethodHandleAccessor.java:103)
		at java.base/java.lang.reflect.Method.invoke(Method.java:580)
		at org.apache.catalina.startup.Bootstrap.start(Bootstrap.java:342)
		at org.apache.catalina.startup.Bootstrap.main(Bootstrap.java:473)
09-Dec-2025 17:23:29.319 INFO [main] org.apache.coyote.AbstractProtocol.pause Pausing ProtocolHandler ["http-nio-8080"]
09-Dec-2025 17:23:29.320 INFO [main] org.apache.catalina.core.StandardService.stopInternal Stopping service [Catalina]
09-Dec-2025 17:23:29.346 INFO [main] org.apache.coyote.AbstractProtocol.stop Stopping ProtocolHandler ["http-nio-8080"]
09-Dec-2025 17:23:29.346 INFO [main] org.apache.coyote.AbstractProtocol.destroy Destroying ProtocolHandler ["http-nio-8080"]
09-Dec-2025 17:30:08.834 INFO [Catalina-utility-2] org.apache.catalina.startup.HostConfig.undeploy Undeploying context [/MyApp]
09-Dec-2025 17:30:09.312 INFO [Catalina-utility-2] org.apache.catalina.startup.HostConfig.deployWAR Deploying web application archive [/Users/saradbabushrestha/Downloads/apache-tomcat-9.0.113/webapps/MyApp.war]
09-Dec-2025 17:30:09.376 INFO [Catalina-utility-2] org.apache.catalina.startup.HostConfig.deployWAR Deployment of web application archive [/Users/saradbabushrestha/Downloads/apache-tomcat-9.0.113/webapps/MyApp.war] has finished in [64] ms
09-Dec-2025 17:30:11.528 INFO [main] org.apache.catalina.core.StandardServer.await A valid shutdown command was received via the shutdown port. Stopping the Server instance.
09-Dec-2025 17:30:11.531 INFO [main] org.apache.coyote.AbstractProtocol.pause Pausing ProtocolHandler ["http-nio-8080"]
09-Dec-2025 17:30:11.542 INFO [main] org.apache.catalina.core.StandardService.stopInternal Stopping service [Catalina]
09-Dec-2025 17:30:11.575 INFO [main] org.apache.coyote.AbstractProtocol.stop Stopping ProtocolHandler ["http-nio-8080"]
09-Dec-2025 17:30:11.584 INFO [main] org.apache.coyote.AbstractProtocol.destroy Destroying ProtocolHandler ["http-nio-8080"]
NOTE: Picked up JDK_JAVA_OPTIONS:  --add-opens=java.base/java.lang=ALL-UNNAMED --add-opens=java.base/java.lang.invoke=ALL-UNNAMED --add-opens=java.base/java.lang.reflect=ALL-UNNAMED --add-opens=java.base/java.io=ALL-UNNAMED --add-opens=java.base/java.util=ALL-UNNAMED --add-opens=java.base/java.util.concurrent=ALL-UNNAMED --add-opens=java.rmi/sun.rmi.transport=ALL-UNNAMED
09-Dec-2025 17:30:11.918 INFO [main] org.apache.catalina.startup.VersionLoggerListener.log Server version name:   Apache Tomcat/9.0.113
09-Dec-2025 17:30:11.921 INFO [main] org.apache.catalina.startup.VersionLoggerListener.log Server built:          Dec 2 2025 19:51:24 UTC
09-Dec-2025 17:30:11.921 INFO [main] org.apache.catalina.startup.VersionLoggerListener.log Server version number: 9.0.113.0
09-Dec-2025 17:30:11.921 INFO [main] org.apache.catalina.startup.VersionLoggerListener.log OS Name:               Mac OS X
09-Dec-2025 17:30:11.921 INFO [main] org.apache.catalina.startup.VersionLoggerListener.log OS Version:            26.1
09-Dec-2025 17:30:11.921 INFO [main] org.apache.catalina.startup.VersionLoggerListener.log Architecture:          aarch64
09-Dec-2025 17:30:11.921 INFO [main] org.apache.catalina.startup.VersionLoggerListener.log Java Home:             /Library/Java/JavaVirtualMachines/temurin-21.jdk/Contents/Home
09-Dec-2025 17:30:11.921 INFO [main] org.apache.catalina.startup.VersionLoggerListener.log JVM Version:           21.0.8+9-LTS
09-Dec-2025 17:30:11.921 INFO [main] org.apache.catalina.startup.VersionLoggerListener.log JVM Vendor:            Eclipse Adoptium
09-Dec-2025 17:30:11.921 INFO [main] org.apache.catalina.startup.VersionLoggerListener.log CATALINA_BASE:         /Users/saradbabushrestha/Downloads/apache-tomcat-9.0.113
09-Dec-2025 17:30:11.922 INFO [main] org.apache.catalina.startup.VersionLoggerListener.log CATALINA_HOME:         /Users/saradbabushrestha/Downloads/apache-tomcat-9.0.113
09-Dec-2025 17:30:11.930 INFO [main] org.apache.catalina.startup.VersionLoggerListener.log Command line argument: --add-opens=java.base/java.lang=ALL-UNNAMED
09-Dec-2025 17:30:11.930 INFO [main] org.apache.catalina.startup.VersionLoggerListener.log Command line argument: --add-opens=java.base/java.lang.invoke=ALL-UNNAMED
09-Dec-2025 17:30:11.930 INFO [main] org.apache.catalina.startup.VersionLoggerListener.log Command line argument: --add-opens=java.base/java.lang.reflect=ALL-UNNAMED
09-Dec-2025 17:30:11.931 INFO [main] org.apache.catalina.startup.VersionLoggerListener.log Command line argument: --add-opens=java.base/java.io=ALL-UNNAMED
09-Dec-2025 17:30:11.931 INFO [main] org.apache.catalina.startup.VersionLoggerListener.log Command line argument: --add-opens=java.base/java.util=ALL-UNNAMED
09-Dec-2025 17:30:11.931 INFO [main] org.apache.catalina.startup.VersionLoggerListener.log Command line argument: --add-opens=java.base/java.util.concurrent=ALL-UNNAMED
09-Dec-2025 17:30:11.931 INFO [main] org.apache.catalina.startup.VersionLoggerListener.log Command line argument: --add-opens=java.rmi/sun.rmi.transport=ALL-UNNAMED
09-Dec-2025 17:30:11.931 INFO [main] org.apache.catalina.startup.VersionLoggerListener.log Command line argument: -Djava.util.logging.config.file=/Users/saradbabushrestha/Downloads/apache-tomcat-9.0.113/conf/logging.properties
09-Dec-2025 17:30:11.931 INFO [main] org.apache.catalina.startup.VersionLoggerListener.log Command line argument: -Djava.util.logging.manager=org.apache.juli.ClassLoaderLogManager
09-Dec-2025 17:30:11.931 INFO [main] org.apache.catalina.startup.VersionLoggerListener.log Command line argument: -Djdk.tls.ephemeralDHKeySize=2048
09-Dec-2025 17:30:11.931 INFO [main] org.apache.catalina.startup.VersionLoggerListener.log Command line argument: -Djava.protocol.handler.pkgs=org.apache.catalina.webresources
09-Dec-2025 17:30:11.931 INFO [main] org.apache.catalina.startup.VersionLoggerListener.log Command line argument: -Dsun.io.useCanonCaches=false
09-Dec-2025 17:30:11.931 INFO [main] org.apache.catalina.startup.VersionLoggerListener.log Command line argument: -Dorg.apache.catalina.security.SecurityListener.UMASK=0027
09-Dec-2025 17:30:11.931 INFO [main] org.apache.catalina.startup.VersionLoggerListener.log Command line argument: -Dignore.endorsed.dirs=
09-Dec-2025 17:30:11.931 INFO [main] org.apache.catalina.startup.VersionLoggerListener.log Command line argument: -Dcatalina.base=/Users/saradbabushrestha/Downloads/apache-tomcat-9.0.113
09-Dec-2025 17:30:11.931 INFO [main] org.apache.catalina.startup.VersionLoggerListener.log Command line argument: -Dcatalina.home=/Users/saradbabushrestha/Downloads/apache-tomcat-9.0.113
09-Dec-2025 17:30:11.931 INFO [main] org.apache.catalina.startup.VersionLoggerListener.log Command line argument: -Djava.io.tmpdir=/Users/saradbabushrestha/Downloads/apache-tomcat-9.0.113/temp
09-Dec-2025 17:30:11.937 INFO [main] org.apache.catalina.core.AprLifecycleListener.lifecycleEvent The Apache Tomcat Native library which allows using OpenSSL was not found on the java.library.path: [/Users/saradbabushrestha/Library/Java/Extensions:/Library/Java/Extensions:/Network/Library/Java/Extensions:/System/Library/Java/Extensions:/usr/lib/java:.]
09-Dec-2025 17:30:12.157 INFO [main] org.apache.coyote.AbstractProtocol.init Initializing ProtocolHandler ["http-nio-8080"]
09-Dec-2025 17:30:12.174 INFO [main] org.apache.catalina.startup.Catalina.load Server initialization in [377] milliseconds
09-Dec-2025 17:30:12.200 INFO [main] org.apache.catalina.core.StandardService.startInternal Starting service [Catalina]
09-Dec-2025 17:30:12.200 INFO [main] org.apache.catalina.core.StandardEngine.startInternal Starting Servlet engine: [Apache Tomcat/9.0.113]
09-Dec-2025 17:30:12.207 INFO [main] org.apache.catalina.startup.HostConfig.deployWAR Deploying web application archive [/Users/saradbabushrestha/Downloads/apache-tomcat-9.0.113/webapps/MyApp.war]
09-Dec-2025 17:30:12.365 INFO [main] org.apache.catalina.startup.HostConfig.deployWAR Deployment of web application archive [/Users/saradbabushrestha/Downloads/apache-tomcat-9.0.113/webapps/MyApp.war] has finished in [158] ms
09-Dec-2025 17:30:12.365 INFO [main] org.apache.catalina.startup.HostConfig.deployDirectory Deploying web application directory [/Users/saradbabushrestha/Downloads/apache-tomcat-9.0.113/webapps/docs]
09-Dec-2025 17:30:12.381 INFO [main] org.apache.catalina.startup.HostConfig.deployDirectory Deployment of web application directory [/Users/saradbabushrestha/Downloads/apache-tomcat-9.0.113/webapps/docs] has finished in [15] ms
09-Dec-2025 17:30:12.383 INFO [main] org.apache.catalina.startup.HostConfig.deployDirectory Deploying web application directory [/Users/saradbabushrestha/Downloads/apache-tomcat-9.0.113/webapps/manager]
09-Dec-2025 17:30:12.527 INFO [main] org.apache.catalina.startup.HostConfig.deployDirectory Deployment of web application directory [/Users/saradbabushrestha/Downloads/apache-tomcat-9.0.113/webapps/manager] has finished in [145] ms
09-Dec-2025 17:30:12.527 INFO [main] org.apache.catalina.startup.HostConfig.deployDirectory Deploying web application directory [/Users/saradbabushrestha/Downloads/apache-tomcat-9.0.113/webapps/examples]
09-Dec-2025 17:30:12.685 INFO [main] org.apache.catalina.startup.HostConfig.deployDirectory Deployment of web application directory [/Users/saradbabushrestha/Downloads/apache-tomcat-9.0.113/webapps/examples] has finished in [158] ms
09-Dec-2025 17:30:12.686 INFO [main] org.apache.catalina.startup.HostConfig.deployDirectory Deploying web application directory [/Users/saradbabushrestha/Downloads/apache-tomcat-9.0.113/webapps/ROOT]
09-Dec-2025 17:30:12.698 INFO [main] org.apache.catalina.startup.HostConfig.deployDirectory Deployment of web application directory [/Users/saradbabushrestha/Downloads/apache-tomcat-9.0.113/webapps/ROOT] has finished in [12] ms
09-Dec-2025 17:30:12.698 INFO [main] org.apache.catalina.startup.HostConfig.deployDirectory Deploying web application directory [/Users/saradbabushrestha/Downloads/apache-tomcat-9.0.113/webapps/host-manager]
09-Dec-2025 17:30:12.711 INFO [main] org.apache.catalina.startup.HostConfig.deployDirectory Deployment of web application directory [/Users/saradbabushrestha/Downloads/apache-tomcat-9.0.113/webapps/host-manager] has finished in [13] ms
09-Dec-2025 17:30:12.716 INFO [main] org.apache.coyote.AbstractProtocol.start Starting ProtocolHandler ["http-nio-8080"]
09-Dec-2025 17:30:12.727 INFO [main] org.apache.catalina.startup.Catalina.start Server startup in [551] milliseconds
09-Dec-2025 17:32:33.462 INFO [Catalina-utility-2] org.apache.catalina.startup.HostConfig.undeploy Undeploying context [/MyApp]
09-Dec-2025 17:32:33.504 INFO [Catalina-utility-2] org.apache.catalina.startup.HostConfig.deployWAR Deploying web application archive [/Users/saradbabushrestha/Downloads/apache-tomcat-9.0.113/webapps/MyApp.war]
09-Dec-2025 17:32:33.541 INFO [Catalina-utility-2] org.apache.catalina.startup.HostConfig.deployWAR Deployment of web application archive [/Users/saradbabushrestha/Downloads/apache-tomcat-9.0.113/webapps/MyApp.war] has finished in [37] ms
09-Dec-2025 17:32:43.558 INFO [Catalina-utility-1] org.apache.catalina.startup.HostConfig.deployDirectory Deploying web application directory [/Users/saradbabushrestha/Downloads/apache-tomcat-9.0.113/webapps/MyApp 2]
09-Dec-2025 17:32:43.610 INFO [Catalina-utility-1] org.apache.catalina.startup.HostConfig.deployDirectory Deployment of web application directory [/Users/saradbabushrestha/Downloads/apache-tomcat-9.0.113/webapps/MyApp 2] has finished in [53] ms
09-Dec-2025 17:32:54.130 INFO [Catalina-utility-2] org.apache.catalina.startup.HostConfig.undeploy Undeploying context [/MyApp 2]
09-Dec-2025 17:33:04.703 INFO [Catalina-utility-1] org.apache.catalina.startup.HostConfig.undeploy Undeploying context [/MyApp]
09-Dec-2025 17:33:04.728 INFO [Catalina-utility-1] org.apache.catalina.startup.HostConfig.deployWAR Deploying web application archive [/Users/saradbabushrestha/Downloads/apache-tomcat-9.0.113/webapps/MyApp.war]
09-Dec-2025 17:33:04.755 INFO [Catalina-utility-1] org.apache.catalina.startup.HostConfig.deployWAR Deployment of web application archive [/Users/saradbabushrestha/Downloads/apache-tomcat-9.0.113/webapps/MyApp.war] has finished in [26] ms
09-Dec-2025 17:33:04.963 INFO [main] org.apache.catalina.core.StandardServer.await A valid shutdown command was received via the shutdown port. Stopping the Server instance.
09-Dec-2025 17:33:04.964 INFO [main] org.apache.coyote.AbstractProtocol.pause Pausing ProtocolHandler ["http-nio-8080"]
09-Dec-2025 17:33:04.967 INFO [main] org.apache.catalina.core.StandardService.stopInternal Stopping service [Catalina]
09-Dec-2025 17:33:04.987 INFO [main] org.apache.coyote.AbstractProtocol.stop Stopping ProtocolHandler ["http-nio-8080"]
09-Dec-2025 17:33:04.993 INFO [main] org.apache.coyote.AbstractProtocol.destroy Destroying ProtocolHandler ["http-nio-8080"]
NOTE: Picked up JDK_JAVA_OPTIONS:  --add-opens=java.base/java.lang=ALL-UNNAMED --add-opens=java.base/java.lang.invoke=ALL-UNNAMED --add-opens=java.base/java.lang.reflect=ALL-UNNAMED --add-opens=java.base/java.io=ALL-UNNAMED --add-opens=java.base/java.util=ALL-UNNAMED --add-opens=java.base/java.util.concurrent=ALL-UNNAMED --add-opens=java.rmi/sun.rmi.transport=ALL-UNNAMED
09-Dec-2025 17:33:11.717 INFO [main] org.apache.catalina.startup.VersionLoggerListener.log Server version name:   Apache Tomcat/9.0.113
09-Dec-2025 17:33:11.719 INFO [main] org.apache.catalina.startup.VersionLoggerListener.log Server built:          Dec 2 2025 19:51:24 UTC
09-Dec-2025 17:33:11.719 INFO [main] org.apache.catalina.startup.VersionLoggerListener.log Server version number: 9.0.113.0
09-Dec-2025 17:33:11.719 INFO [main] org.apache.catalina.startup.VersionLoggerListener.log OS Name:               Mac OS X
09-Dec-2025 17:33:11.719 INFO [main] org.apache.catalina.startup.VersionLoggerListener.log OS Version:            26.1
09-Dec-2025 17:33:11.719 INFO [main] org.apache.catalina.startup.VersionLoggerListener.log Architecture:          aarch64
09-Dec-2025 17:33:11.719 INFO [main] org.apache.catalina.startup.VersionLoggerListener.log Java Home:             /Library/Java/JavaVirtualMachines/temurin-21.jdk/Contents/Home
09-Dec-2025 17:33:11.720 INFO [main] org.apache.catalina.startup.VersionLoggerListener.log JVM Version:           21.0.8+9-LTS
09-Dec-2025 17:33:11.720 INFO [main] org.apache.catalina.startup.VersionLoggerListener.log JVM Vendor:            Eclipse Adoptium
09-Dec-2025 17:33:11.720 INFO [main] org.apache.catalina.startup.VersionLoggerListener.log CATALINA_BASE:         /Users/saradbabushrestha/Downloads/apache-tomcat-9.0.113
09-Dec-2025 17:33:11.720 INFO [main] org.apache.catalina.startup.VersionLoggerListener.log CATALINA_HOME:         /Users/saradbabushrestha/Downloads/apache-tomcat-9.0.113
09-Dec-2025 17:33:11.728 INFO [main] org.apache.catalina.startup.VersionLoggerListener.log Command line argument: --add-opens=java.base/java.lang=ALL-UNNAMED
09-Dec-2025 17:33:11.728 INFO [main] org.apache.catalina.startup.VersionLoggerListener.log Command line argument: --add-opens=java.base/java.lang.invoke=ALL-UNNAMED
09-Dec-2025 17:33:11.729 INFO [main] org.apache.catalina.startup.VersionLoggerListener.log Command line argument: --add-opens=java.base/java.lang.reflect=ALL-UNNAMED
09-Dec-2025 17:33:11.729 INFO [main] org.apache.catalina.startup.VersionLoggerListener.log Command line argument: --add-opens=java.base/java.io=ALL-UNNAMED
09-Dec-2025 17:33:11.729 INFO [main] org.apache.catalina.startup.VersionLoggerListener.log Command line argument: --add-opens=java.base/java.util=ALL-UNNAMED
09-Dec-2025 17:33:11.729 INFO [main] org.apache.catalina.startup.VersionLoggerListener.log Command line argument: --add-opens=java.base/java.util.concurrent=ALL-UNNAMED
09-Dec-2025 17:33:11.729 INFO [main] org.apache.catalina.startup.VersionLoggerListener.log Command line argument: --add-opens=java.rmi/sun.rmi.transport=ALL-UNNAMED
09-Dec-2025 17:33:11.729 INFO [main] org.apache.catalina.startup.VersionLoggerListener.log Command line argument: -Djava.util.logging.config.file=/Users/saradbabushrestha/Downloads/apache-tomcat-9.0.113/conf/logging.properties
09-Dec-2025 17:33:11.729 INFO [main] org.apache.catalina.startup.VersionLoggerListener.log Command line argument: -Djava.util.logging.manager=org.apache.juli.ClassLoaderLogManager
09-Dec-2025 17:33:11.729 INFO [main] org.apache.catalina.startup.VersionLoggerListener.log Command line argument: -Djdk.tls.ephemeralDHKeySize=2048
09-Dec-2025 17:33:11.729 INFO [main] org.apache.catalina.startup.VersionLoggerListener.log Command line argument: -Djava.protocol.handler.pkgs=org.apache.catalina.webresources
09-Dec-2025 17:33:11.729 INFO [main] org.apache.catalina.startup.VersionLoggerListener.log Command line argument: -Dsun.io.useCanonCaches=false
09-Dec-2025 17:33:11.729 INFO [main] org.apache.catalina.startup.VersionLoggerListener.log Command line argument: -Dorg.apache.catalina.security.SecurityListener.UMASK=0027
09-Dec-2025 17:33:11.729 INFO [main] org.apache.catalina.startup.VersionLoggerListener.log Command line argument: -Dignore.endorsed.dirs=
09-Dec-2025 17:33:11.729 INFO [main] org.apache.catalina.startup.VersionLoggerListener.log Command line argument: -Dcatalina.base=/Users/saradbabushrestha/Downloads/apache-tomcat-9.0.113
09-Dec-2025 17:33:11.729 INFO [main] org.apache.catalina.startup.VersionLoggerListener.log Command line argument: -Dcatalina.home=/Users/saradbabushrestha/Downloads/apache-tomcat-9.0.113
09-Dec-2025 17:33:11.729 INFO [main] org.apache.catalina.startup.VersionLoggerListener.log Command line argument: -Djava.io.tmpdir=/Users/saradbabushrestha/Downloads/apache-tomcat-9.0.113/temp
09-Dec-2025 17:33:11.825 INFO [main] org.apache.catalina.core.AprLifecycleListener.lifecycleEvent The Apache Tomcat Native library which allows using OpenSSL was not found on the java.library.path: [/Users/saradbabushrestha/Library/Java/Extensions:/Library/Java/Extensions:/Network/Library/Java/Extensions:/System/Library/Java/Extensions:/usr/lib/java:.]
09-Dec-2025 17:33:12.069 INFO [main] org.apache.coyote.AbstractProtocol.init Initializing ProtocolHandler ["http-nio-8080"]
09-Dec-2025 17:33:12.087 INFO [main] org.apache.catalina.startup.Catalina.load Server initialization in [499] milliseconds
09-Dec-2025 17:33:12.108 INFO [main] org.apache.catalina.core.StandardService.startInternal Starting service [Catalina]
09-Dec-2025 17:33:12.109 INFO [main] org.apache.catalina.core.StandardEngine.startInternal Starting Servlet engine: [Apache Tomcat/9.0.113]
09-Dec-2025 17:33:12.119 INFO [main] org.apache.catalina.startup.HostConfig.deployWAR Deploying web application archive [/Users/saradbabushrestha/Downloads/apache-tomcat-9.0.113/webapps/MyApp.war]
09-Dec-2025 17:33:12.286 INFO [main] org.apache.catalina.startup.HostConfig.deployWAR Deployment of web application archive [/Users/saradbabushrestha/Downloads/apache-tomcat-9.0.113/webapps/MyApp.war] has finished in [167] ms
09-Dec-2025 17:33:12.286 INFO [main] org.apache.catalina.startup.HostConfig.deployDirectory Deploying web application directory [/Users/saradbabushrestha/Downloads/apache-tomcat-9.0.113/webapps/docs]
09-Dec-2025 17:33:12.299 INFO [main] org.apache.catalina.startup.HostConfig.deployDirectory Deployment of web application directory [/Users/saradbabushrestha/Downloads/apache-tomcat-9.0.113/webapps/docs] has finished in [13] ms
09-Dec-2025 17:33:12.299 INFO [main] org.apache.catalina.startup.HostConfig.deployDirectory Deploying web application directory [/Users/saradbabushrestha/Downloads/apache-tomcat-9.0.113/webapps/manager]
09-Dec-2025 17:33:12.325 INFO [main] org.apache.catalina.startup.HostConfig.deployDirectory Deployment of web application directory [/Users/saradbabushrestha/Downloads/apache-tomcat-9.0.113/webapps/manager] has finished in [26] ms
09-Dec-2025 17:33:12.326 INFO [main] org.apache.catalina.startup.HostConfig.deployDirectory Deploying web application directory [/Users/saradbabushrestha/Downloads/apache-tomcat-9.0.113/webapps/examples]
09-Dec-2025 17:33:12.497 INFO [main] org.apache.catalina.startup.HostConfig.deployDirectory Deployment of web application directory [/Users/saradbabushrestha/Downloads/apache-tomcat-9.0.113/webapps/examples] has finished in [170] ms
09-Dec-2025 17:33:12.497 INFO [main] org.apache.catalina.startup.HostConfig.deployDirectory Deploying web application directory [/Users/saradbabushrestha/Downloads/apache-tomcat-9.0.113/webapps/ROOT]
09-Dec-2025 17:33:12.508 INFO [main] org.apache.catalina.startup.HostConfig.deployDirectory Deployment of web application directory [/Users/saradbabushrestha/Downloads/apache-tomcat-9.0.113/webapps/ROOT] has finished in [11] ms
09-Dec-2025 17:33:12.510 INFO [main] org.apache.catalina.startup.HostConfig.deployDirectory Deploying web application directory [/Users/saradbabushrestha/Downloads/apache-tomcat-9.0.113/webapps/host-manager]
09-Dec-2025 17:33:12.525 INFO [main] org.apache.catalina.startup.HostConfig.deployDirectory Deployment of web application directory [/Users/saradbabushrestha/Downloads/apache-tomcat-9.0.113/webapps/host-manager] has finished in [15] ms
09-Dec-2025 17:33:12.527 INFO [main] org.apache.coyote.AbstractProtocol.start Starting ProtocolHandler ["http-nio-8080"]
09-Dec-2025 17:33:12.532 INFO [main] org.apache.catalina.startup.Catalina.start Server startup in [444] milliseconds
NOTE: Picked up JDK_JAVA_OPTIONS:  --add-opens=java.base/java.lang=ALL-UNNAMED --add-opens=java.base/java.lang.invoke=ALL-UNNAMED --add-opens=java.base/java.lang.reflect=ALL-UNNAMED --add-opens=java.base/java.io=ALL-UNNAMED --add-opens=java.base/java.util=ALL-UNNAMED --add-opens=java.base/java.util.concurrent=ALL-UNNAMED --add-opens=java.rmi/sun.rmi.transport=ALL-UNNAMED
09-Dec-2025 17:34:10.810 INFO [main] org.apache.catalina.startup.VersionLoggerListener.log Server version name:   Apache Tomcat/9.0.113
09-Dec-2025 17:34:10.815 INFO [main] org.apache.catalina.startup.VersionLoggerListener.log Server built:          Dec 2 2025 19:51:24 UTC
09-Dec-2025 17:34:10.815 INFO [main] org.apache.catalina.startup.VersionLoggerListener.log Server version number: 9.0.113.0
09-Dec-2025 17:34:10.816 INFO [main] org.apache.catalina.startup.VersionLoggerListener.log OS Name:               Mac OS X
09-Dec-2025 17:34:10.816 INFO [main] org.apache.catalina.startup.VersionLoggerListener.log OS Version:            26.1
09-Dec-2025 17:34:10.817 INFO [main] org.apache.catalina.startup.VersionLoggerListener.log Architecture:          aarch64
09-Dec-2025 17:34:10.817 INFO [main] org.apache.catalina.startup.VersionLoggerListener.log Java Home:             /Library/Java/JavaVirtualMachines/temurin-21.jdk/Contents/Home
09-Dec-2025 17:34:10.818 INFO [main] org.apache.catalina.startup.VersionLoggerListener.log JVM Version:           21.0.8+9-LTS
09-Dec-2025 17:34:10.821 INFO [main] org.apache.catalina.startup.VersionLoggerListener.log JVM Vendor:            Eclipse Adoptium
09-Dec-2025 17:34:10.821 INFO [main] org.apache.catalina.startup.VersionLoggerListener.log CATALINA_BASE:         /Users/saradbabushrestha/Downloads/apache-tomcat-9.0.113
09-Dec-2025 17:34:10.821 INFO [main] org.apache.catalina.startup.VersionLoggerListener.log CATALINA_HOME:         /Users/saradbabushrestha/Downloads/apache-tomcat-9.0.113
09-Dec-2025 17:34:10.831 INFO [main] org.apache.catalina.startup.VersionLoggerListener.log Command line argument: --add-opens=java.base/java.lang=ALL-UNNAMED
09-Dec-2025 17:34:10.831 INFO [main] org.apache.catalina.startup.VersionLoggerListener.log Command line argument: --add-opens=java.base/java.lang.invoke=ALL-UNNAMED
09-Dec-2025 17:34:10.831 INFO [main] org.apache.catalina.startup.VersionLoggerListener.log Command line argument: --add-opens=java.base/java.lang.reflect=ALL-UNNAMED
09-Dec-2025 17:34:10.831 INFO [main] org.apache.catalina.startup.VersionLoggerListener.log Command line argument: --add-opens=java.base/java.io=ALL-UNNAMED
09-Dec-2025 17:34:10.831 INFO [main] org.apache.catalina.startup.VersionLoggerListener.log Command line argument: --add-opens=java.base/java.util=ALL-UNNAMED
09-Dec-2025 17:34:10.831 INFO [main] org.apache.catalina.startup.VersionLoggerListener.log Command line argument: --add-opens=java.base/java.util.concurrent=ALL-UNNAMED
09-Dec-2025 17:34:10.831 INFO [main] org.apache.catalina.startup.VersionLoggerListener.log Command line argument: --add-opens=java.rmi/sun.rmi.transport=ALL-UNNAMED
09-Dec-2025 17:34:10.831 INFO [main] org.apache.catalina.startup.VersionLoggerListener.log Command line argument: -Djava.util.logging.config.file=/Users/saradbabushrestha/Downloads/apache-tomcat-9.0.113/conf/logging.properties
09-Dec-2025 17:34:10.831 INFO [main] org.apache.catalina.startup.VersionLoggerListener.log Command line argument: -Djava.util.logging.manager=org.apache.juli.ClassLoaderLogManager
09-Dec-2025 17:34:10.831 INFO [main] org.apache.catalina.startup.VersionLoggerListener.log Command line argument: -Djdk.tls.ephemeralDHKeySize=2048
09-Dec-2025 17:34:10.831 INFO [main] org.apache.catalina.startup.VersionLoggerListener.log Command line argument: -Djava.protocol.handler.pkgs=org.apache.catalina.webresources
09-Dec-2025 17:34:10.831 INFO [main] org.apache.catalina.startup.VersionLoggerListener.log Command line argument: -Dsun.io.useCanonCaches=false
09-Dec-2025 17:34:10.831 INFO [main] org.apache.catalina.startup.VersionLoggerListener.log Command line argument: -Dorg.apache.catalina.security.SecurityListener.UMASK=0027
09-Dec-2025 17:34:10.831 INFO [main] org.apache.catalina.startup.VersionLoggerListener.log Command line argument: -Dignore.endorsed.dirs=
09-Dec-2025 17:34:10.831 INFO [main] org.apache.catalina.startup.VersionLoggerListener.log Command line argument: -Dcatalina.base=/Users/saradbabushrestha/Downloads/apache-tomcat-9.0.113
09-Dec-2025 17:34:10.832 INFO [main] org.apache.catalina.startup.VersionLoggerListener.log Command line argument: -Dcatalina.home=/Users/saradbabushrestha/Downloads/apache-tomcat-9.0.113
09-Dec-2025 17:34:10.832 INFO [main] org.apache.catalina.startup.VersionLoggerListener.log Command line argument: -Djava.io.tmpdir=/Users/saradbabushrestha/Downloads/apache-tomcat-9.0.113/temp
09-Dec-2025 17:34:10.838 INFO [main] org.apache.catalina.core.AprLifecycleListener.lifecycleEvent The Apache Tomcat Native library which allows using OpenSSL was not found on the java.library.path: [/Users/saradbabushrestha/Library/Java/Extensions:/Library/Java/Extensions:/Network/Library/Java/Extensions:/System/Library/Java/Extensions:/usr/lib/java:.]
09-Dec-2025 17:34:11.128 INFO [main] org.apache.coyote.AbstractProtocol.init Initializing ProtocolHandler ["http-nio-8080"]
09-Dec-2025 17:34:11.151 SEVERE [main] org.apache.catalina.util.LifecycleBase.handleSubClassException Failed to initialize component [Connector["http-nio-8080"]]
	org.apache.catalina.LifecycleException: Protocol handler initialization failed
		at org.apache.catalina.connector.Connector.initInternal(Connector.java:1084)
		at org.apache.catalina.util.LifecycleBase.init(LifecycleBase.java:122)
		at org.apache.catalina.core.StandardService.initInternal(StandardService.java:520)
		at org.apache.catalina.util.LifecycleBase.init(LifecycleBase.java:122)
		at org.apache.catalina.core.StandardServer.initInternal(StandardServer.java:984)
		at org.apache.catalina.util.LifecycleBase.init(LifecycleBase.java:122)
		at org.apache.catalina.startup.Catalina.load(Catalina.java:687)
		at org.apache.catalina.startup.Catalina.load(Catalina.java:710)
		at java.base/jdk.internal.reflect.DirectMethodHandleAccessor.invoke(DirectMethodHandleAccessor.java:103)
		at java.base/java.lang.reflect.Method.invoke(Method.java:580)
		at org.apache.catalina.startup.Bootstrap.load(Bootstrap.java:299)
		at org.apache.catalina.startup.Bootstrap.main(Bootstrap.java:472)
	Caused by: java.net.BindException: Address already in use
		at java.base/sun.nio.ch.Net.bind0(Native Method)
		at java.base/sun.nio.ch.Net.bind(Net.java:565)
		at java.base/sun.nio.ch.ServerSocketChannelImpl.netBind(ServerSocketChannelImpl.java:344)
		at java.base/sun.nio.ch.ServerSocketChannelImpl.bind(ServerSocketChannelImpl.java:301)
		at org.apache.tomcat.util.net.NioEndpoint.initServerSocket(NioEndpoint.java:296)
		at org.apache.tomcat.util.net.NioEndpoint.bind(NioEndpoint.java:251)
		at org.apache.tomcat.util.net.AbstractEndpoint.bindWithCleanup(AbstractEndpoint.java:1497)
		at org.apache.tomcat.util.net.AbstractEndpoint.init(AbstractEndpoint.java:1510)
		at org.apache.coyote.AbstractProtocol.init(AbstractProtocol.java:667)
		at org.apache.coyote.http11.AbstractHttp11Protocol.init(AbstractHttp11Protocol.java:80)
		at org.apache.catalina.connector.Connector.initInternal(Connector.java:1082)
		... 11 more
09-Dec-2025 17:34:11.152 INFO [main] org.apache.catalina.startup.Catalina.load Server initialization in [537] milliseconds
09-Dec-2025 17:34:11.202 INFO [main] org.apache.catalina.core.StandardService.startInternal Starting service [Catalina]
09-Dec-2025 17:34:11.202 INFO [main] org.apache.catalina.core.StandardEngine.startInternal Starting Servlet engine: [Apache Tomcat/9.0.113]
09-Dec-2025 17:34:11.232 INFO [main] org.apache.catalina.startup.HostConfig.deployWAR Deploying web application archive [/Users/saradbabushrestha/Downloads/apache-tomcat-9.0.113/webapps/MyApp.war]
09-Dec-2025 17:34:11.560 INFO [main] org.apache.catalina.startup.HostConfig.deployWAR Deployment of web application archive [/Users/saradbabushrestha/Downloads/apache-tomcat-9.0.113/webapps/MyApp.war] has finished in [328] ms
09-Dec-2025 17:34:11.561 INFO [main] org.apache.catalina.startup.HostConfig.deployDirectory Deploying web application directory [/Users/saradbabushrestha/Downloads/apache-tomcat-9.0.113/webapps/docs]
09-Dec-2025 17:34:11.574 INFO [main] org.apache.catalina.startup.HostConfig.deployDirectory Deployment of web application directory [/Users/saradbabushrestha/Downloads/apache-tomcat-9.0.113/webapps/docs] has finished in [14] ms
09-Dec-2025 17:34:11.574 INFO [main] org.apache.catalina.startup.HostConfig.deployDirectory Deploying web application directory [/Users/saradbabushrestha/Downloads/apache-tomcat-9.0.113/webapps/manager]
09-Dec-2025 17:34:11.600 INFO [main] org.apache.catalina.startup.HostConfig.deployDirectory Deployment of web application directory [/Users/saradbabushrestha/Downloads/apache-tomcat-9.0.113/webapps/manager] has finished in [26] ms
09-Dec-2025 17:34:11.600 INFO [main] org.apache.catalina.startup.HostConfig.deployDirectory Deploying web application directory [/Users/saradbabushrestha/Downloads/apache-tomcat-9.0.113/webapps/examples]
09-Dec-2025 17:34:11.773 INFO [main] org.apache.catalina.startup.HostConfig.deployDirectory Deployment of web application directory [/Users/saradbabushrestha/Downloads/apache-tomcat-9.0.113/webapps/examples] has finished in [173] ms
09-Dec-2025 17:34:11.773 INFO [main] org.apache.catalina.startup.HostConfig.deployDirectory Deploying web application directory [/Users/saradbabushrestha/Downloads/apache-tomcat-9.0.113/webapps/ROOT]
09-Dec-2025 17:34:11.793 INFO [main] org.apache.catalina.startup.HostConfig.deployDirectory Deployment of web application directory [/Users/saradbabushrestha/Downloads/apache-tomcat-9.0.113/webapps/ROOT] has finished in [20] ms
09-Dec-2025 17:34:11.793 INFO [main] org.apache.catalina.startup.HostConfig.deployDirectory Deploying web application directory [/Users/saradbabushrestha/Downloads/apache-tomcat-9.0.113/webapps/host-manager]
09-Dec-2025 17:34:11.804 INFO [main] org.apache.catalina.startup.HostConfig.deployDirectory Deployment of web application directory [/Users/saradbabushrestha/Downloads/apache-tomcat-9.0.113/webapps/host-manager] has finished in [10] ms
09-Dec-2025 17:34:11.805 INFO [main] org.apache.catalina.startup.Catalina.start Server startup in [649] milliseconds
09-Dec-2025 17:34:11.811 SEVERE [main] org.apache.catalina.core.StandardServer.await Failed to create server shutdown socket on address [localhost] and port [8005] (base port [8005] and offset [0])
	java.net.BindException: Address already in use
		at java.base/sun.nio.ch.Net.bind0(Native Method)
		at java.base/sun.nio.ch.Net.bind(Net.java:565)
		at java.base/sun.nio.ch.Net.bind(Net.java:554)
		at java.base/sun.nio.ch.NioSocketImpl.bind(NioSocketImpl.java:636)
		at java.base/java.net.ServerSocket.bind(ServerSocket.java:391)
		at java.base/java.net.ServerSocket.<init>(ServerSocket.java:278)
		at org.apache.catalina.core.StandardServer.await(StandardServer.java:535)
		at org.apache.catalina.startup.Catalina.await(Catalina.java:826)
		at org.apache.catalina.startup.Catalina.start(Catalina.java:774)
		at java.base/jdk.internal.reflect.DirectMethodHandleAccessor.invoke(DirectMethodHandleAccessor.java:103)
		at java.base/java.lang.reflect.Method.invoke(Method.java:580)
		at org.apache.catalina.startup.Bootstrap.start(Bootstrap.java:342)
		at org.apache.catalina.startup.Bootstrap.main(Bootstrap.java:473)
09-Dec-2025 17:34:11.812 INFO [main] org.apache.coyote.AbstractProtocol.pause Pausing ProtocolHandler ["http-nio-8080"]
09-Dec-2025 17:34:11.812 INFO [main] org.apache.catalina.core.StandardService.stopInternal Stopping service [Catalina]
09-Dec-2025 17:34:11.832 INFO [main] org.apache.coyote.AbstractProtocol.stop Stopping ProtocolHandler ["http-nio-8080"]
09-Dec-2025 17:34:11.832 INFO [main] org.apache.coyote.AbstractProtocol.destroy Destroying ProtocolHandler ["http-nio-8080"]
09-Dec-2025 17:36:03.259 INFO [Catalina-utility-2] org.apache.catalina.startup.HostConfig.undeploy Undeploying context [/MyApp]
09-Dec-2025 17:36:03.501 INFO [Catalina-utility-2] org.apache.catalina.startup.HostConfig.deployWAR Deploying web application archive [/Users/saradbabushrestha/Downloads/apache-tomcat-9.0.113/webapps/MyApp.war]
09-Dec-2025 17:36:03.612 INFO [Catalina-utility-2] org.apache.catalina.startup.HostConfig.deployWAR Deployment of web application archive [/Users/saradbabushrestha/Downloads/apache-tomcat-9.0.113/webapps/MyApp.war] has finished in [113] ms
09-Dec-2025 17:36:03.612 INFO [Catalina-utility-2] org.apache.catalina.startup.HostConfig.deployDirectory Deploying web application directory [/Users/saradbabushrestha/Downloads/apache-tomcat-9.0.113/webapps/webapps]
09-Dec-2025 17:36:03.650 INFO [Catalina-utility-2] org.apache.catalina.startup.HostConfig.deployDirectory Deployment of web application directory [/Users/saradbabushrestha/Downloads/apache-tomcat-9.0.113/webapps/webapps] has finished in [38] ms
09-Dec-2025 17:36:24.304 INFO [Catalina-utility-1] org.apache.catalina.startup.HostConfig.undeploy Undeploying context [/webapps]
09-Dec-2025 17:40:08.229 INFO [main] org.apache.catalina.core.StandardServer.await A valid shutdown command was received via the shutdown port. Stopping the Server instance.
09-Dec-2025 17:40:08.237 INFO [main] org.apache.coyote.AbstractProtocol.pause Pausing ProtocolHandler ["http-nio-8080"]
09-Dec-2025 17:40:08.251 INFO [main] org.apache.catalina.core.StandardService.stopInternal Stopping service [Catalina]
09-Dec-2025 17:40:08.287 INFO [main] org.apache.coyote.AbstractProtocol.stop Stopping ProtocolHandler ["http-nio-8080"]
NOTE: Picked up JDK_JAVA_OPTIONS:  --add-opens=java.base/java.lang=ALL-UNNAMED --add-opens=java.base/java.lang.invoke=ALL-UNNAMED --add-opens=java.base/java.lang.reflect=ALL-UNNAMED --add-opens=java.base/java.io=ALL-UNNAMED --add-opens=java.base/java.util=ALL-UNNAMED --add-opens=java.base/java.util.concurrent=ALL-UNNAMED --add-opens=java.rmi/sun.rmi.transport=ALL-UNNAMED
09-Dec-2025 17:40:08.305 INFO [main] org.apache.coyote.AbstractProtocol.destroy Destroying ProtocolHandler ["http-nio-8080"]
09-Dec-2025 17:40:08.740 INFO [main] org.apache.catalina.startup.VersionLoggerListener.log Server version name:   Apache Tomcat/9.0.113
09-Dec-2025 17:40:08.744 INFO [main] org.apache.catalina.startup.VersionLoggerListener.log Server built:          Dec 2 2025 19:51:24 UTC
09-Dec-2025 17:40:08.744 INFO [main] org.apache.catalina.startup.VersionLoggerListener.log Server version number: 9.0.113.0
09-Dec-2025 17:40:08.744 INFO [main] org.apache.catalina.startup.VersionLoggerListener.log OS Name:               Mac OS X
09-Dec-2025 17:40:08.744 INFO [main] org.apache.catalina.startup.VersionLoggerListener.log OS Version:            26.1
09-Dec-2025 17:40:08.744 INFO [main] org.apache.catalina.startup.VersionLoggerListener.log Architecture:          aarch64
09-Dec-2025 17:40:08.744 INFO [main] org.apache.catalina.startup.VersionLoggerListener.log Java Home:             /Library/Java/JavaVirtualMachines/temurin-21.jdk/Contents/Home
09-Dec-2025 17:40:08.744 INFO [main] org.apache.catalina.startup.VersionLoggerListener.log JVM Version:           21.0.8+9-LTS
09-Dec-2025 17:40:08.744 INFO [main] org.apache.catalina.startup.VersionLoggerListener.log JVM Vendor:            Eclipse Adoptium
09-Dec-2025 17:40:08.744 INFO [main] org.apache.catalina.startup.VersionLoggerListener.log CATALINA_BASE:         /Users/saradbabushrestha/Downloads/apache-tomcat-9.0.113
09-Dec-2025 17:40:08.744 INFO [main] org.apache.catalina.startup.VersionLoggerListener.log CATALINA_HOME:         /Users/saradbabushrestha/Downloads/apache-tomcat-9.0.113
09-Dec-2025 17:40:08.753 INFO [main] org.apache.catalina.startup.VersionLoggerListener.log Command line argument: --add-opens=java.base/java.lang=ALL-UNNAMED
09-Dec-2025 17:40:08.753 INFO [main] org.apache.catalina.startup.VersionLoggerListener.log Command line argument: --add-opens=java.base/java.lang.invoke=ALL-UNNAMED
09-Dec-2025 17:40:08.753 INFO [main] org.apache.catalina.startup.VersionLoggerListener.log Command line argument: --add-opens=java.base/java.lang.reflect=ALL-UNNAMED
09-Dec-2025 17:40:08.753 INFO [main] org.apache.catalina.startup.VersionLoggerListener.log Command line argument: --add-opens=java.base/java.io=ALL-UNNAMED
09-Dec-2025 17:40:08.753 INFO [main] org.apache.catalina.startup.VersionLoggerListener.log Command line argument: --add-opens=java.base/java.util=ALL-UNNAMED
09-Dec-2025 17:40:08.753 INFO [main] org.apache.catalina.startup.VersionLoggerListener.log Command line argument: --add-opens=java.base/java.util.concurrent=ALL-UNNAMED
09-Dec-2025 17:40:08.753 INFO [main] org.apache.catalina.startup.VersionLoggerListener.log Command line argument: --add-opens=java.rmi/sun.rmi.transport=ALL-UNNAMED
09-Dec-2025 17:40:08.753 INFO [main] org.apache.catalina.startup.VersionLoggerListener.log Command line argument: -Djava.util.logging.config.file=/Users/saradbabushrestha/Downloads/apache-tomcat-9.0.113/conf/logging.properties
09-Dec-2025 17:40:08.753 INFO [main] org.apache.catalina.startup.VersionLoggerListener.log Command line argument: -Djava.util.logging.manager=org.apache.juli.ClassLoaderLogManager
09-Dec-2025 17:40:08.753 INFO [main] org.apache.catalina.startup.VersionLoggerListener.log Command line argument: -Djdk.tls.ephemeralDHKeySize=2048
09-Dec-2025 17:40:08.753 INFO [main] org.apache.catalina.startup.VersionLoggerListener.log Command line argument: -Djava.protocol.handler.pkgs=org.apache.catalina.webresources
09-Dec-2025 17:40:08.753 INFO [main] org.apache.catalina.startup.VersionLoggerListener.log Command line argument: -Dsun.io.useCanonCaches=false
09-Dec-2025 17:40:08.753 INFO [main] org.apache.catalina.startup.VersionLoggerListener.log Command line argument: -Dorg.apache.catalina.security.SecurityListener.UMASK=0027
09-Dec-2025 17:40:08.753 INFO [main] org.apache.catalina.startup.VersionLoggerListener.log Command line argument: -Dignore.endorsed.dirs=
09-Dec-2025 17:40:08.753 INFO [main] org.apache.catalina.startup.VersionLoggerListener.log Command line argument: -Dcatalina.base=/Users/saradbabushrestha/Downloads/apache-tomcat-9.0.113
09-Dec-2025 17:40:08.753 INFO [main] org.apache.catalina.startup.VersionLoggerListener.log Command line argument: -Dcatalina.home=/Users/saradbabushrestha/Downloads/apache-tomcat-9.0.113
09-Dec-2025 17:40:08.754 INFO [main] org.apache.catalina.startup.VersionLoggerListener.log Command line argument: -Djava.io.tmpdir=/Users/saradbabushrestha/Downloads/apache-tomcat-9.0.113/temp
09-Dec-2025 17:40:08.773 INFO [main] org.apache.catalina.core.AprLifecycleListener.lifecycleEvent The Apache Tomcat Native library which allows using OpenSSL was not found on the java.library.path: [/Users/saradbabushrestha/Library/Java/Extensions:/Library/Java/Extensions:/Network/Library/Java/Extensions:/System/Library/Java/Extensions:/usr/lib/java:.]
09-Dec-2025 17:40:09.076 INFO [main] org.apache.coyote.AbstractProtocol.init Initializing ProtocolHandler ["http-nio-8080"]
09-Dec-2025 17:40:09.093 INFO [main] org.apache.catalina.startup.Catalina.load Server initialization in [505] milliseconds
09-Dec-2025 17:40:09.117 INFO [main] org.apache.catalina.core.StandardService.startInternal Starting service [Catalina]
09-Dec-2025 17:40:09.118 INFO [main] org.apache.catalina.core.StandardEngine.startInternal Starting Servlet engine: [Apache Tomcat/9.0.113]
09-Dec-2025 17:40:09.131 INFO [main] org.apache.catalina.startup.HostConfig.deployWAR Deploying web application archive [/Users/saradbabushrestha/Downloads/apache-tomcat-9.0.113/webapps/MyApp.war]
09-Dec-2025 17:40:09.453 INFO [main] org.apache.catalina.startup.HostConfig.deployWAR Deployment of web application archive [/Users/saradbabushrestha/Downloads/apache-tomcat-9.0.113/webapps/MyApp.war] has finished in [321] ms
09-Dec-2025 17:40:09.453 INFO [main] org.apache.catalina.startup.HostConfig.deployDirectory Deploying web application directory [/Users/saradbabushrestha/Downloads/apache-tomcat-9.0.113/webapps/docs]
09-Dec-2025 17:40:09.474 INFO [main] org.apache.catalina.startup.HostConfig.deployDirectory Deployment of web application directory [/Users/saradbabushrestha/Downloads/apache-tomcat-9.0.113/webapps/docs] has finished in [20] ms
09-Dec-2025 17:40:09.474 INFO [main] org.apache.catalina.startup.HostConfig.deployDirectory Deploying web application directory [/Users/saradbabushrestha/Downloads/apache-tomcat-9.0.113/webapps/manager]
09-Dec-2025 17:40:09.494 INFO [main] org.apache.catalina.startup.HostConfig.deployDirectory Deployment of web application directory [/Users/saradbabushrestha/Downloads/apache-tomcat-9.0.113/webapps/manager] has finished in [20] ms
09-Dec-2025 17:40:09.495 INFO [main] org.apache.catalina.startup.HostConfig.deployDirectory Deploying web application directory [/Users/saradbabushrestha/Downloads/apache-tomcat-9.0.113/webapps/examples]
09-Dec-2025 17:40:09.648 INFO [main] org.apache.catalina.startup.HostConfig.deployDirectory Deployment of web application directory [/Users/saradbabushrestha/Downloads/apache-tomcat-9.0.113/webapps/examples] has finished in [153] ms
09-Dec-2025 17:40:09.648 INFO [main] org.apache.catalina.startup.HostConfig.deployDirectory Deploying web application directory [/Users/saradbabushrestha/Downloads/apache-tomcat-9.0.113/webapps/ROOT]
09-Dec-2025 17:40:09.659 INFO [main] org.apache.catalina.startup.HostConfig.deployDirectory Deployment of web application directory [/Users/saradbabushrestha/Downloads/apache-tomcat-9.0.113/webapps/ROOT] has finished in [11] ms
09-Dec-2025 17:40:09.659 INFO [main] org.apache.catalina.startup.HostConfig.deployDirectory Deploying web application directory [/Users/saradbabushrestha/Downloads/apache-tomcat-9.0.113/webapps/host-manager]
09-Dec-2025 17:40:09.673 INFO [main] org.apache.catalina.startup.HostConfig.deployDirectory Deployment of web application directory [/Users/saradbabushrestha/Downloads/apache-tomcat-9.0.113/webapps/host-manager] has finished in [14] ms
09-Dec-2025 17:40:09.675 INFO [main] org.apache.coyote.AbstractProtocol.start Starting ProtocolHandler ["http-nio-8080"]
09-Dec-2025 17:40:09.680 INFO [main] org.apache.catalina.startup.Catalina.start Server startup in [585] milliseconds
09-Dec-2025 17:41:59.814 INFO [Catalina-utility-2] org.apache.catalina.startup.HostConfig.deployDirectory Deploying web application directory [/Users/saradbabushrestha/Downloads/apache-tomcat-9.0.113/webapps/MyAppp]
09-Dec-2025 17:41:59.917 INFO [Catalina-utility-2] org.apache.catalina.startup.HostConfig.deployDirectory Deployment of web application directory [/Users/saradbabushrestha/Downloads/apache-tomcat-9.0.113/webapps/MyAppp] has finished in [104] ms
09-Dec-2025 17:42:10.445 INFO [Catalina-utility-1] org.apache.catalina.startup.HostConfig.undeploy Undeploying context [/MyAppp]
09-Dec-2025 17:42:10.490 INFO [Catalina-utility-1] org.apache.catalina.startup.HostConfig.reload Reloading context [/MyApp]
09-Dec-2025 17:42:10.490 INFO [Catalina-utility-1] org.apache.catalina.core.StandardContext.reload Reloading Context with name [/MyApp] has started
09-Dec-2025 17:42:10.511 INFO [Catalina-utility-1] org.apache.catalina.core.StandardContext.reload Reloading Context with name [/MyApp] is completed
09-Dec-2025 17:42:13.398 INFO [main] org.apache.catalina.core.StandardServer.await A valid shutdown command was received via the shutdown port. Stopping the Server instance.
09-Dec-2025 17:42:13.400 INFO [main] org.apache.coyote.AbstractProtocol.pause Pausing ProtocolHandler ["http-nio-8080"]
09-Dec-2025 17:42:13.404 INFO [main] org.apache.catalina.core.StandardService.stopInternal Stopping service [Catalina]
09-Dec-2025 17:42:13.433 INFO [main] org.apache.coyote.AbstractProtocol.stop Stopping ProtocolHandler ["http-nio-8080"]
09-Dec-2025 17:42:13.440 INFO [main] org.apache.coyote.AbstractProtocol.destroy Destroying ProtocolHandler ["http-nio-8080"]
NOTE: Picked up JDK_JAVA_OPTIONS:  --add-opens=java.base/java.lang=ALL-UNNAMED --add-opens=java.base/java.lang.invoke=ALL-UNNAMED --add-opens=java.base/java.lang.reflect=ALL-UNNAMED --add-opens=java.base/java.io=ALL-UNNAMED --add-opens=java.base/java.util=ALL-UNNAMED --add-opens=java.base/java.util.concurrent=ALL-UNNAMED --add-opens=java.rmi/sun.rmi.transport=ALL-UNNAMED
09-Dec-2025 17:42:13.748 INFO [main] org.apache.catalina.startup.VersionLoggerListener.log Server version name:   Apache Tomcat/9.0.113
09-Dec-2025 17:42:13.751 INFO [main] org.apache.catalina.startup.VersionLoggerListener.log Server built:          Dec 2 2025 19:51:24 UTC
09-Dec-2025 17:42:13.751 INFO [main] org.apache.catalina.startup.VersionLoggerListener.log Server version number: 9.0.113.0
09-Dec-2025 17:42:13.751 INFO [main] org.apache.catalina.startup.VersionLoggerListener.log OS Name:               Mac OS X
09-Dec-2025 17:42:13.752 INFO [main] org.apache.catalina.startup.VersionLoggerListener.log OS Version:            26.1
09-Dec-2025 17:42:13.752 INFO [main] org.apache.catalina.startup.VersionLoggerListener.log Architecture:          aarch64
09-Dec-2025 17:42:13.752 INFO [main] org.apache.catalina.startup.VersionLoggerListener.log Java Home:             /Library/Java/JavaVirtualMachines/temurin-21.jdk/Contents/Home
09-Dec-2025 17:42:13.752 INFO [main] org.apache.catalina.startup.VersionLoggerListener.log JVM Version:           21.0.8+9-LTS
09-Dec-2025 17:42:13.752 INFO [main] org.apache.catalina.startup.VersionLoggerListener.log JVM Vendor:            Eclipse Adoptium
09-Dec-2025 17:42:13.752 INFO [main] org.apache.catalina.startup.VersionLoggerListener.log CATALINA_BASE:         /Users/saradbabushrestha/Downloads/apache-tomcat-9.0.113
09-Dec-2025 17:42:13.752 INFO [main] org.apache.catalina.startup.VersionLoggerListener.log CATALINA_HOME:         /Users/saradbabushrestha/Downloads/apache-tomcat-9.0.113
09-Dec-2025 17:42:13.761 INFO [main] org.apache.catalina.startup.VersionLoggerListener.log Command line argument: --add-opens=java.base/java.lang=ALL-UNNAMED
09-Dec-2025 17:42:13.762 INFO [main] org.apache.catalina.startup.VersionLoggerListener.log Command line argument: --add-opens=java.base/java.lang.invoke=ALL-UNNAMED
09-Dec-2025 17:42:13.762 INFO [main] org.apache.catalina.startup.VersionLoggerListener.log Command line argument: --add-opens=java.base/java.lang.reflect=ALL-UNNAMED
09-Dec-2025 17:42:13.762 INFO [main] org.apache.catalina.startup.VersionLoggerListener.log Command line argument: --add-opens=java.base/java.io=ALL-UNNAMED
09-Dec-2025 17:42:13.762 INFO [main] org.apache.catalina.startup.VersionLoggerListener.log Command line argument: --add-opens=java.base/java.util=ALL-UNNAMED
09-Dec-2025 17:42:13.762 INFO [main] org.apache.catalina.startup.VersionLoggerListener.log Command line argument: --add-opens=java.base/java.util.concurrent=ALL-UNNAMED
09-Dec-2025 17:42:13.763 INFO [main] org.apache.catalina.startup.VersionLoggerListener.log Command line argument: --add-opens=java.rmi/sun.rmi.transport=ALL-UNNAMED
09-Dec-2025 17:42:13.763 INFO [main] org.apache.catalina.startup.VersionLoggerListener.log Command line argument: -Djava.util.logging.config.file=/Users/saradbabushrestha/Downloads/apache-tomcat-9.0.113/conf/logging.properties
09-Dec-2025 17:42:13.763 INFO [main] org.apache.catalina.startup.VersionLoggerListener.log Command line argument: -Djava.util.logging.manager=org.apache.juli.ClassLoaderLogManager
09-Dec-2025 17:42:13.763 INFO [main] org.apache.catalina.startup.VersionLoggerListener.log Command line argument: -Djdk.tls.ephemeralDHKeySize=2048
09-Dec-2025 17:42:13.764 INFO [main] org.apache.catalina.startup.VersionLoggerListener.log Command line argument: -Djava.protocol.handler.pkgs=org.apache.catalina.webresources
09-Dec-2025 17:42:13.764 INFO [main] org.apache.catalina.startup.VersionLoggerListener.log Command line argument: -Dsun.io.useCanonCaches=false
09-Dec-2025 17:42:13.764 INFO [main] org.apache.catalina.startup.VersionLoggerListener.log Command line argument: -Dorg.apache.catalina.security.SecurityListener.UMASK=0027
09-Dec-2025 17:42:13.764 INFO [main] org.apache.catalina.startup.VersionLoggerListener.log Command line argument: -Dignore.endorsed.dirs=
09-Dec-2025 17:42:13.764 INFO [main] org.apache.catalina.startup.VersionLoggerListener.log Command line argument: -Dcatalina.base=/Users/saradbabushrestha/Downloads/apache-tomcat-9.0.113
09-Dec-2025 17:42:13.764 INFO [main] org.apache.catalina.startup.VersionLoggerListener.log Command line argument: -Dcatalina.home=/Users/saradbabushrestha/Downloads/apache-tomcat-9.0.113
09-Dec-2025 17:42:13.764 INFO [main] org.apache.catalina.startup.VersionLoggerListener.log Command line argument: -Djava.io.tmpdir=/Users/saradbabushrestha/Downloads/apache-tomcat-9.0.113/temp
09-Dec-2025 17:42:13.771 INFO [main] org.apache.catalina.core.AprLifecycleListener.lifecycleEvent The Apache Tomcat Native library which allows using OpenSSL was not found on the java.library.path: [/Users/saradbabushrestha/Library/Java/Extensions:/Library/Java/Extensions:/Network/Library/Java/Extensions:/System/Library/Java/Extensions:/usr/lib/java:.]
09-Dec-2025 17:42:13.983 INFO [main] org.apache.coyote.AbstractProtocol.init Initializing ProtocolHandler ["http-nio-8080"]
09-Dec-2025 17:42:13.999 INFO [main] org.apache.catalina.startup.Catalina.load Server initialization in [367] milliseconds
09-Dec-2025 17:42:14.025 INFO [main] org.apache.catalina.core.StandardService.startInternal Starting service [Catalina]
09-Dec-2025 17:42:14.025 INFO [main] org.apache.catalina.core.StandardEngine.startInternal Starting Servlet engine: [Apache Tomcat/9.0.113]
09-Dec-2025 17:42:14.033 INFO [main] org.apache.catalina.startup.HostConfig.deployWAR Deploying web application archive [/Users/saradbabushrestha/Downloads/apache-tomcat-9.0.113/webapps/MyApp.war]
09-Dec-2025 17:42:14.401 INFO [main] org.apache.catalina.startup.HostConfig.deployWAR Deployment of web application archive [/Users/saradbabushrestha/Downloads/apache-tomcat-9.0.113/webapps/MyApp.war] has finished in [368] ms
09-Dec-2025 17:42:14.401 INFO [main] org.apache.catalina.startup.HostConfig.deployDirectory Deploying web application directory [/Users/saradbabushrestha/Downloads/apache-tomcat-9.0.113/webapps/docs]
09-Dec-2025 17:42:14.416 INFO [main] org.apache.catalina.startup.HostConfig.deployDirectory Deployment of web application directory [/Users/saradbabushrestha/Downloads/apache-tomcat-9.0.113/webapps/docs] has finished in [15] ms
09-Dec-2025 17:42:14.416 INFO [main] org.apache.catalina.startup.HostConfig.deployDirectory Deploying web application directory [/Users/saradbabushrestha/Downloads/apache-tomcat-9.0.113/webapps/manager]
09-Dec-2025 17:42:14.442 INFO [main] org.apache.catalina.startup.HostConfig.deployDirectory Deployment of web application directory [/Users/saradbabushrestha/Downloads/apache-tomcat-9.0.113/webapps/manager] has finished in [26] ms
09-Dec-2025 17:42:14.442 INFO [main] org.apache.catalina.startup.HostConfig.deployDirectory Deploying web application directory [/Users/saradbabushrestha/Downloads/apache-tomcat-9.0.113/webapps/examples]
09-Dec-2025 17:42:14.670 INFO [main] org.apache.catalina.startup.HostConfig.deployDirectory Deployment of web application directory [/Users/saradbabushrestha/Downloads/apache-tomcat-9.0.113/webapps/examples] has finished in [228] ms
09-Dec-2025 17:42:14.670 INFO [main] org.apache.catalina.startup.HostConfig.deployDirectory Deploying web application directory [/Users/saradbabushrestha/Downloads/apache-tomcat-9.0.113/webapps/ROOT]
09-Dec-2025 17:42:14.683 INFO [main] org.apache.catalina.startup.HostConfig.deployDirectory Deployment of web application directory [/Users/saradbabushrestha/Downloads/apache-tomcat-9.0.113/webapps/ROOT] has finished in [13] ms
09-Dec-2025 17:42:14.683 INFO [main] org.apache.catalina.startup.HostConfig.deployDirectory Deploying web application directory [/Users/saradbabushrestha/Downloads/apache-tomcat-9.0.113/webapps/host-manager]
09-Dec-2025 17:42:14.695 INFO [main] org.apache.catalina.startup.HostConfig.deployDirectory Deployment of web application directory [/Users/saradbabushrestha/Downloads/apache-tomcat-9.0.113/webapps/host-manager] has finished in [12] ms
09-Dec-2025 17:42:14.697 INFO [main] org.apache.coyote.AbstractProtocol.start Starting ProtocolHandler ["http-nio-8080"]
09-Dec-2025 17:42:14.702 INFO [main] org.apache.catalina.startup.Catalina.start Server startup in [701] milliseconds
